Started POST "/users" for ::1 at 2022-05-04 13:05:33 -0400
  [1m[35m (0.7ms)[0m  [1m[34mSELECT "schema_migrations"."version" FROM "schema_migrations" ORDER BY "schema_migrations"."version" ASC[0m
  ↳ /home/tomas/.rvm/gems/ruby-2.6.5/gems/activerecord-5.2.7/lib/active_record/log_subscriber.rb:98
Processing by Users::RegistrationsController#create as */*
  Parameters: {"email"=>"tomd@fopy.cl", "password"=>"[FILTERED]", "password_confirmation"=>"[FILTERED]", "registration"=>{"email"=>"tomd@fopy.cl", "password"=>"[FILTERED]", "password_confirmation"=>"[FILTERED]"}}
  [1m[36mUser Load (1.8ms)[0m  [1m[34mSELECT  "users".* FROM "users" WHERE "users"."email" = $1 LIMIT $2[0m  [["email", "tomd@fopy.cl"], ["LIMIT", 1]]
  ↳ app/controllers/users/registrations_controller.rb:18
  [1m[35m (0.1ms)[0m  [1m[35mBEGIN[0m
  ↳ app/controllers/users/registrations_controller.rb:26
  [1m[36mUser Exists (0.3ms)[0m  [1m[34mSELECT  1 AS one FROM "users" WHERE "users"."email" = $1 LIMIT $2[0m  [["email", "tomd@fopy.cl"], ["LIMIT", 1]]
  ↳ app/controllers/users/registrations_controller.rb:26
  [1m[36mUser Create (0.5ms)[0m  [1m[32mINSERT INTO "users" ("email", "encrypted_password", "created_at", "updated_at", "confirmation_token", "confirmation_sent_at") VALUES ($1, $2, $3, $4, $5, $6) RETURNING "id"[0m  [["email", "tomd@fopy.cl"], ["encrypted_password", "$2a$12$8HMr5bfgFkMf4nLWRBQxFOPDe8T0uUAHrJSDkmmtWNaZEl5XAdI6."], ["created_at", "2022-05-04 17:05:37.267791"], ["updated_at", "2022-05-04 17:05:37.267791"], ["confirmation_token", "yois7gMJj_iTkRznKQy3"], ["confirmation_sent_at", "2022-05-04 17:05:37.267929"]]
  ↳ app/controllers/users/registrations_controller.rb:26
  [1m[35m (71.0ms)[0m  [1m[35mCOMMIT[0m
  ↳ app/controllers/users/registrations_controller.rb:26
  Rendering devise/mailer/confirmation_instructions.html.erb
  Rendered devise/mailer/confirmation_instructions.html.erb (4.4ms)
Devise::Mailer#confirmation_instructions: processed outbound mail in 1074.2ms
Sent mail to tomd@fopy.cl (3224.8ms)
Date: Wed, 04 May 2022 13:05:38 -0400
From: tomasalvarez13.01@gmail.com
Reply-To: tomasalvarez13.01@gmail.com
To: tomd@fopy.cl
Message-ID: <6272b2626cee9_75462ae8f5067f5843837@tomas-ThinkPad-T450.mail>
Subject: Confirmation instructions
Mime-Version: 1.0
Content-Type: text/html;
 charset=UTF-8
Content-Transfer-Encoding: 7bit

<p>Welcome tomd@fopy.cl!</p>

<p>You can confirm your account email through the link below:</p>

<p><a href="http://3.88.206.145/users/confirmation?confirmation_token=yois7gMJj_iTkRznKQy3">Confirm my account</a></p>

  Rendering users/registrations/sign_up.json.jbuilder
  Rendered users/registrations/sign_up.json.jbuilder (0.4ms)
Completed 200 OK in 4868ms (Views: 5.0ms | ActiveRecord: 79.1ms)


Started GET "/users/confirmation?confirmation_token=yois7gMJj_iTkRznKQy3" for 127.0.0.1 at 2022-05-04 13:06:01 -0400
Processing by Devise::ConfirmationsController#show as HTML
  Parameters: {"confirmation_token"=>"yois7gMJj_iTkRznKQy3"}
  [1m[36mUser Load (0.6ms)[0m  [1m[34mSELECT  "users".* FROM "users" WHERE "users"."confirmation_token" = $1 ORDER BY "users"."id" ASC LIMIT $2[0m  [["confirmation_token", "yois7gMJj_iTkRznKQy3"], ["LIMIT", 1]]
  ↳ /home/tomas/.rvm/gems/ruby-2.6.5/gems/activerecord-5.2.7/lib/active_record/log_subscriber.rb:98
  [1m[35m (0.3ms)[0m  [1m[35mBEGIN[0m
  ↳ /home/tomas/.rvm/gems/ruby-2.6.5/gems/activerecord-5.2.7/lib/active_record/log_subscriber.rb:98
  [1m[36mUser Update (0.5ms)[0m  [1m[33mUPDATE "users" SET "confirmed_at" = $1, "updated_at" = $2 WHERE "users"."id" = $3[0m  [["confirmed_at", "2022-05-04 17:06:01.633092"], ["updated_at", "2022-05-04 17:06:01.635178"], ["id", 15]]
  ↳ /home/tomas/.rvm/gems/ruby-2.6.5/gems/activerecord-5.2.7/lib/active_record/log_subscriber.rb:98
  [1m[35m (29.3ms)[0m  [1m[35mCOMMIT[0m
  ↳ /home/tomas/.rvm/gems/ruby-2.6.5/gems/activerecord-5.2.7/lib/active_record/log_subscriber.rb:98
Redirected to http://localhost:3000/users/sign_in
Completed 302 Found in 58ms (ActiveRecord: 30.7ms)


Started GET "/users/sign_in" for 127.0.0.1 at 2022-05-04 13:06:01 -0400
Processing by Users::SessionsController#new as HTML
  Rendering users/sessions/new.html.erb within layouts/application
  Rendered users/shared/_links.html.erb (1.6ms)
  Rendered users/sessions/new.html.erb within layouts/application (13.0ms)
Completed 200 OK in 226ms (Views: 224.0ms | ActiveRecord: 0.0ms)


Started GET "/users/confirmation?confirmation_token=yois7gMJj_iTkRznKQy3" for 127.0.0.1 at 2022-05-04 13:08:24 -0400
Processing by Devise::ConfirmationsController#show as HTML
  Parameters: {"confirmation_token"=>"yois7gMJj_iTkRznKQy3"}
  [1m[36mUser Load (1.1ms)[0m  [1m[34mSELECT  "users".* FROM "users" WHERE "users"."confirmation_token" = $1 ORDER BY "users"."id" ASC LIMIT $2[0m  [["confirmation_token", "yois7gMJj_iTkRznKQy3"], ["LIMIT", 1]]
  ↳ /home/tomas/.rvm/gems/ruby-2.6.5/gems/activerecord-5.2.7/lib/active_record/log_subscriber.rb:98
  Rendering devise/confirmations/new.html.erb within layouts/application
  Rendered devise/shared/_error_messages.html.erb (0.9ms)
  Rendered devise/shared/_links.html.erb (0.9ms)
  Rendered devise/confirmations/new.html.erb within layouts/application (4.3ms)
Completed 200 OK in 106ms (Views: 37.6ms | ActiveRecord: 6.4ms)


Started POST "/users" for ::1 at 2022-05-04 13:08:38 -0400
Processing by Users::RegistrationsController#create as */*
  Parameters: {"email"=>"tmd@fopy.cl", "password"=>"[FILTERED]", "password_confirmation"=>"[FILTERED]", "registration"=>{"email"=>"tmd@fopy.cl", "password"=>"[FILTERED]", "password_confirmation"=>"[FILTERED]"}}
  [1m[36mUser Load (0.5ms)[0m  [1m[34mSELECT  "users".* FROM "users" WHERE "users"."email" = $1 LIMIT $2[0m  [["email", "tmd@fopy.cl"], ["LIMIT", 1]]
  ↳ app/controllers/users/registrations_controller.rb:18
  [1m[35m (0.2ms)[0m  [1m[35mBEGIN[0m
  ↳ app/controllers/users/registrations_controller.rb:26
  [1m[36mUser Exists (0.4ms)[0m  [1m[34mSELECT  1 AS one FROM "users" WHERE "users"."email" = $1 LIMIT $2[0m  [["email", "tmd@fopy.cl"], ["LIMIT", 1]]
  ↳ app/controllers/users/registrations_controller.rb:26
  [1m[36mUser Create (0.4ms)[0m  [1m[32mINSERT INTO "users" ("email", "encrypted_password", "created_at", "updated_at", "confirmation_token", "confirmation_sent_at") VALUES ($1, $2, $3, $4, $5, $6) RETURNING "id"[0m  [["email", "tmd@fopy.cl"], ["encrypted_password", "$2a$12$MT2KLksIejUCnXblb8GX.uJeoULZA0GpHCRfwbUERJ6GWYdytrEfa"], ["created_at", "2022-05-04 17:08:39.298175"], ["updated_at", "2022-05-04 17:08:39.298175"], ["confirmation_token", "MoNp6wsM4kTBnwsF7Xc4"], ["confirmation_sent_at", "2022-05-04 17:08:39.298294"]]
  ↳ app/controllers/users/registrations_controller.rb:26
  [1m[35m (19.1ms)[0m  [1m[35mCOMMIT[0m
  ↳ app/controllers/users/registrations_controller.rb:26
  Rendering devise/mailer/confirmation_instructions.html.erb
  Rendered devise/mailer/confirmation_instructions.html.erb (1.1ms)
Devise::Mailer#confirmation_instructions: processed outbound mail in 9.1ms
Sent mail to tmd@fopy.cl (3276.9ms)
Date: Wed, 04 May 2022 13:08:39 -0400
From: tomasalvarez13.01@gmail.com
Reply-To: tomasalvarez13.01@gmail.com
To: tmd@fopy.cl
Message-ID: <6272b31752561_75462ae8f5069114439a4@tomas-ThinkPad-T450.mail>
Subject: Confirmation instructions
Mime-Version: 1.0
Content-Type: text/html;
 charset=UTF-8
Content-Transfer-Encoding: 7bit

<p>Welcome tmd@fopy.cl!</p>

<p>You can confirm your account email through the link below:</p>

<p><a href="http://3.88.206.145/users/confirmation?confirmation_token=MoNp6wsM4kTBnwsF7Xc4">Confirm my account</a></p>

  Rendering users/registrations/sign_up.json.jbuilder
  Rendered users/registrations/sign_up.json.jbuilder (0.6ms)
Completed 200 OK in 3671ms (Views: 7.8ms | ActiveRecord: 20.6ms)


Started GET "/users/confirmation?confirmation_token=MoNp6wsM4kTBnwsF7Xc4" for 127.0.0.1 at 2022-05-04 13:09:00 -0400
Processing by Devise::ConfirmationsController#show as HTML
  Parameters: {"confirmation_token"=>"MoNp6wsM4kTBnwsF7Xc4"}
  [1m[36mUser Load (0.5ms)[0m  [1m[34mSELECT  "users".* FROM "users" WHERE "users"."confirmation_token" = $1 ORDER BY "users"."id" ASC LIMIT $2[0m  [["confirmation_token", "MoNp6wsM4kTBnwsF7Xc4"], ["LIMIT", 1]]
  ↳ /home/tomas/.rvm/gems/ruby-2.6.5/gems/activerecord-5.2.7/lib/active_record/log_subscriber.rb:98
  [1m[35m (0.2ms)[0m  [1m[35mBEGIN[0m
  ↳ /home/tomas/.rvm/gems/ruby-2.6.5/gems/activerecord-5.2.7/lib/active_record/log_subscriber.rb:98
  [1m[36mUser Update (0.8ms)[0m  [1m[33mUPDATE "users" SET "confirmed_at" = $1, "updated_at" = $2 WHERE "users"."id" = $3[0m  [["confirmed_at", "2022-05-04 17:09:00.330573"], ["updated_at", "2022-05-04 17:09:00.332432"], ["id", 16]]
  ↳ /home/tomas/.rvm/gems/ruby-2.6.5/gems/activerecord-5.2.7/lib/active_record/log_subscriber.rb:98
  [1m[35m (78.2ms)[0m  [1m[35mCOMMIT[0m
  ↳ /home/tomas/.rvm/gems/ruby-2.6.5/gems/activerecord-5.2.7/lib/active_record/log_subscriber.rb:98
Redirected to http://localhost:3000/users/sign_in
Completed 302 Found in 90ms (ActiveRecord: 79.8ms)


Started GET "/users/sign_in" for 127.0.0.1 at 2022-05-04 13:09:00 -0400
Processing by Users::SessionsController#new as HTML
  Rendering users/sessions/new.html.erb within layouts/application
  Rendered users/shared/_links.html.erb (0.9ms)
  Rendered users/sessions/new.html.erb within layouts/application (3.7ms)
Completed 200 OK in 30ms (Views: 29.2ms | ActiveRecord: 0.0ms)


Started POST "/users" for ::1 at 2022-05-04 13:10:09 -0400
Processing by Users::RegistrationsController#create as */*
  Parameters: {"email"=>"td@fopy.cl", "password"=>"[FILTERED]", "password_confirmation"=>"[FILTERED]", "registration"=>{"email"=>"td@fopy.cl", "password"=>"[FILTERED]", "password_confirmation"=>"[FILTERED]"}}
  [1m[36mUser Load (0.5ms)[0m  [1m[34mSELECT  "users".* FROM "users" WHERE "users"."email" = $1 LIMIT $2[0m  [["email", "td@fopy.cl"], ["LIMIT", 1]]
  ↳ app/controllers/users/registrations_controller.rb:18
  [1m[35m (0.2ms)[0m  [1m[35mBEGIN[0m
  ↳ app/controllers/users/registrations_controller.rb:26
  [1m[36mUser Exists (0.3ms)[0m  [1m[34mSELECT  1 AS one FROM "users" WHERE "users"."email" = $1 LIMIT $2[0m  [["email", "td@fopy.cl"], ["LIMIT", 1]]
  ↳ app/controllers/users/registrations_controller.rb:26
  [1m[36mUser Create (0.3ms)[0m  [1m[32mINSERT INTO "users" ("email", "encrypted_password", "created_at", "updated_at", "confirmation_token", "confirmation_sent_at") VALUES ($1, $2, $3, $4, $5, $6) RETURNING "id"[0m  [["email", "td@fopy.cl"], ["encrypted_password", "$2a$12$j03h9FbbuLw1IIQKMnyuJux1XFF0h4GuoASm28IuhMBY4t4GrjHnS"], ["created_at", "2022-05-04 17:10:09.633989"], ["updated_at", "2022-05-04 17:10:09.633989"], ["confirmation_token", "zHCg1ggfmDUsD19EV2ZH"], ["confirmation_sent_at", "2022-05-04 17:10:09.634123"]]
  ↳ app/controllers/users/registrations_controller.rb:26
  [1m[35m (20.4ms)[0m  [1m[35mCOMMIT[0m
  ↳ app/controllers/users/registrations_controller.rb:26
  Rendering devise/mailer/confirmation_instructions.html.erb
  Rendered devise/mailer/confirmation_instructions.html.erb (1.0ms)
Devise::Mailer#confirmation_instructions: processed outbound mail in 10.6ms
Sent mail to td@fopy.cl (3575.5ms)
Date: Wed, 04 May 2022 13:10:09 -0400
From: tomasalvarez13.01@gmail.com
Reply-To: tomasalvarez13.01@gmail.com
To: td@fopy.cl
Message-ID: <6272b371a4e5e_75462ae8f506911444054@tomas-ThinkPad-T450.mail>
Subject: Confirmation instructions
Mime-Version: 1.0
Content-Type: text/html;
 charset=UTF-8
Content-Transfer-Encoding: 7bit

<p>Welcome td@fopy.cl!</p>

<p>You can confirm your account email through the link below:</p>

<p><a href="http://3.88.206.145/users/confirmation?confirmation_token=zHCg1ggfmDUsD19EV2ZH">Confirm my account</a></p>

  Rendering users/registrations/sign_up.json.jbuilder
  Rendered users/registrations/sign_up.json.jbuilder (0.6ms)
Completed 200 OK in 3953ms (Views: 5.3ms | ActiveRecord: 25.1ms)


Started GET "/users/confirmation?confirmation_token=zHCg1ggfmDUsD19EV2ZH" for 127.0.0.1 at 2022-05-04 13:10:46 -0400
Processing by Users::ConfirmationsController#show as HTML
  Parameters: {"confirmation_token"=>"zHCg1ggfmDUsD19EV2ZH"}
Completed 406 Not Acceptable in 100ms (ActiveRecord: 0.0ms)


  
ActionController::UnknownFormat (Users::ConfirmationsController#show is missing a template for this request format and variant.

request.formats: ["text/html"]
request.variant: []

NOTE! For XHR/Ajax or API requests, this action would normally respond with 204 No Content: an empty white screen. Since you're loading it in a web browser, we assume that you expected to actually render a template, not nothing, so we're showing an error to be extra-clear. If you expect 204 No Content, carry on. That's what you'll get from an XHR or API request. Give it a shot.):
  
actionpack (5.2.7) lib/action_controller/metal/implicit_render.rb:55:in `default_render'
actionpack (5.2.7) lib/action_controller/metal/basic_implicit_render.rb:6:in `block in send_action'
actionpack (5.2.7) lib/action_controller/metal/basic_implicit_render.rb:6:in `tap'
actionpack (5.2.7) lib/action_controller/metal/basic_implicit_render.rb:6:in `send_action'
actionpack (5.2.7) lib/abstract_controller/base.rb:194:in `process_action'
actionpack (5.2.7) lib/action_controller/metal/rendering.rb:30:in `process_action'
actionpack (5.2.7) lib/abstract_controller/callbacks.rb:42:in `block in process_action'
activesupport (5.2.7) lib/active_support/callbacks.rb:132:in `run_callbacks'
actionpack (5.2.7) lib/abstract_controller/callbacks.rb:41:in `process_action'
actionpack (5.2.7) lib/action_controller/metal/rescue.rb:22:in `process_action'
actionpack (5.2.7) lib/action_controller/metal/instrumentation.rb:34:in `block in process_action'
activesupport (5.2.7) lib/active_support/notifications.rb:168:in `block in instrument'
activesupport (5.2.7) lib/active_support/notifications/instrumenter.rb:23:in `instrument'
activesupport (5.2.7) lib/active_support/notifications.rb:168:in `instrument'
actionpack (5.2.7) lib/action_controller/metal/instrumentation.rb:32:in `process_action'
actionpack (5.2.7) lib/action_controller/metal/params_wrapper.rb:256:in `process_action'
activerecord (5.2.7) lib/active_record/railties/controller_runtime.rb:24:in `process_action'
actionpack (5.2.7) lib/abstract_controller/base.rb:134:in `process'
actionview (5.2.7) lib/action_view/rendering.rb:32:in `process'
actionpack (5.2.7) lib/action_controller/metal.rb:191:in `dispatch'
actionpack (5.2.7) lib/action_controller/metal.rb:252:in `dispatch'
actionpack (5.2.7) lib/action_dispatch/routing/route_set.rb:52:in `dispatch'
actionpack (5.2.7) lib/action_dispatch/routing/route_set.rb:34:in `serve'
actionpack (5.2.7) lib/action_dispatch/routing/mapper.rb:18:in `block in <class:Constraints>'
actionpack (5.2.7) lib/action_dispatch/routing/mapper.rb:48:in `serve'
actionpack (5.2.7) lib/action_dispatch/journey/router.rb:52:in `block in serve'
actionpack (5.2.7) lib/action_dispatch/journey/router.rb:35:in `each'
actionpack (5.2.7) lib/action_dispatch/journey/router.rb:35:in `serve'
actionpack (5.2.7) lib/action_dispatch/routing/route_set.rb:840:in `call'
warden (1.2.9) lib/warden/manager.rb:36:in `block in call'
warden (1.2.9) lib/warden/manager.rb:34:in `catch'
warden (1.2.9) lib/warden/manager.rb:34:in `call'
rack (2.2.3) lib/rack/tempfile_reaper.rb:15:in `call'
rack (2.2.3) lib/rack/etag.rb:27:in `call'
rack (2.2.3) lib/rack/conditional_get.rb:27:in `call'
rack (2.2.3) lib/rack/head.rb:12:in `call'
actionpack (5.2.7) lib/action_dispatch/http/content_security_policy.rb:18:in `call'
rack (2.2.3) lib/rack/session/abstract/id.rb:266:in `context'
rack (2.2.3) lib/rack/session/abstract/id.rb:260:in `call'
actionpack (5.2.7) lib/action_dispatch/middleware/cookies.rb:670:in `call'
activerecord (5.2.7) lib/active_record/migration.rb:559:in `call'
actionpack (5.2.7) lib/action_dispatch/middleware/callbacks.rb:28:in `block in call'
activesupport (5.2.7) lib/active_support/callbacks.rb:98:in `run_callbacks'
actionpack (5.2.7) lib/action_dispatch/middleware/callbacks.rb:26:in `call'
actionpack (5.2.7) lib/action_dispatch/middleware/executor.rb:14:in `call'
actionpack (5.2.7) lib/action_dispatch/middleware/debug_exceptions.rb:61:in `call'
web-console (3.7.0) lib/web_console/middleware.rb:135:in `call_app'
web-console (3.7.0) lib/web_console/middleware.rb:30:in `block in call'
web-console (3.7.0) lib/web_console/middleware.rb:20:in `catch'
web-console (3.7.0) lib/web_console/middleware.rb:20:in `call'
actionpack (5.2.7) lib/action_dispatch/middleware/show_exceptions.rb:33:in `call'
railties (5.2.7) lib/rails/rack/logger.rb:38:in `call_app'
railties (5.2.7) lib/rails/rack/logger.rb:26:in `block in call'
activesupport (5.2.7) lib/active_support/tagged_logging.rb:71:in `block in tagged'
activesupport (5.2.7) lib/active_support/tagged_logging.rb:28:in `tagged'
activesupport (5.2.7) lib/active_support/tagged_logging.rb:71:in `tagged'
railties (5.2.7) lib/rails/rack/logger.rb:26:in `call'
sprockets-rails (3.4.2) lib/sprockets/rails/quiet_assets.rb:13:in `call'
actionpack (5.2.7) lib/action_dispatch/middleware/remote_ip.rb:81:in `call'
actionpack (5.2.7) lib/action_dispatch/middleware/request_id.rb:27:in `call'
rack (2.2.3) lib/rack/method_override.rb:24:in `call'
rack (2.2.3) lib/rack/runtime.rb:22:in `call'
activesupport (5.2.7) lib/active_support/cache/strategy/local_cache_middleware.rb:29:in `call'
actionpack (5.2.7) lib/action_dispatch/middleware/executor.rb:14:in `call'
actionpack (5.2.7) lib/action_dispatch/middleware/static.rb:127:in `call'
rack (2.2.3) lib/rack/sendfile.rb:110:in `call'
railties (5.2.7) lib/rails/engine.rb:524:in `call'
puma (3.12.6) lib/puma/configuration.rb:227:in `call'
puma (3.12.6) lib/puma/server.rb:706:in `handle_request'
puma (3.12.6) lib/puma/server.rb:476:in `process_client'
puma (3.12.6) lib/puma/server.rb:334:in `block in run'
puma (3.12.6) lib/puma/thread_pool.rb:135:in `block in spawn_thread'
Started POST "/users" for ::1 at 2022-05-04 13:12:31 -0400
Processing by Users::RegistrationsController#create as */*
  Parameters: {"email"=>"d@fopy.cl", "password"=>"[FILTERED]", "password_confirmation"=>"[FILTERED]", "registration"=>{"email"=>"d@fopy.cl", "password"=>"[FILTERED]", "password_confirmation"=>"[FILTERED]"}}
  [1m[36mUser Load (0.3ms)[0m  [1m[34mSELECT  "users".* FROM "users" WHERE "users"."email" = $1 LIMIT $2[0m  [["email", "d@fopy.cl"], ["LIMIT", 1]]
  ↳ app/controllers/users/registrations_controller.rb:18
  [1m[35m (0.2ms)[0m  [1m[35mBEGIN[0m
  ↳ app/controllers/users/registrations_controller.rb:26
  [1m[36mUser Exists (0.3ms)[0m  [1m[34mSELECT  1 AS one FROM "users" WHERE "users"."email" = $1 LIMIT $2[0m  [["email", "d@fopy.cl"], ["LIMIT", 1]]
  ↳ app/controllers/users/registrations_controller.rb:26
  [1m[36mUser Create (0.3ms)[0m  [1m[32mINSERT INTO "users" ("email", "encrypted_password", "created_at", "updated_at", "confirmation_token", "confirmation_sent_at") VALUES ($1, $2, $3, $4, $5, $6) RETURNING "id"[0m  [["email", "d@fopy.cl"], ["encrypted_password", "$2a$12$5c1VWWbtnReaHMREh44cnOsxyW/oe0zZ/JqWAHplFyggtgLPan8qG"], ["created_at", "2022-05-04 17:12:32.186433"], ["updated_at", "2022-05-04 17:12:32.186433"], ["confirmation_token", "unfaYDsSf8oAgB2CQUmU"], ["confirmation_sent_at", "2022-05-04 17:12:32.186563"]]
  ↳ app/controllers/users/registrations_controller.rb:26
  [1m[35m (55.9ms)[0m  [1m[35mCOMMIT[0m
  ↳ app/controllers/users/registrations_controller.rb:26
  Rendering devise/mailer/confirmation_instructions.html.erb
  Rendered devise/mailer/confirmation_instructions.html.erb (0.6ms)
Devise::Mailer#confirmation_instructions: processed outbound mail in 5.7ms
Sent mail to d@fopy.cl (3143.0ms)
Date: Wed, 04 May 2022 13:12:32 -0400
From: tomasalvarez13.01@gmail.com
Reply-To: tomasalvarez13.01@gmail.com
To: d@fopy.cl
Message-ID: <6272b4003e148_75462ae8f5069114441f1@tomas-ThinkPad-T450.mail>
Subject: Confirmation instructions
Mime-Version: 1.0
Content-Type: text/html;
 charset=UTF-8
Content-Transfer-Encoding: 7bit

<p>Welcome d@fopy.cl!</p>

<p>You can confirm your account email through the link below:</p>

<p><a href="http://3.88.206.145/users/confirmation?confirmation_token=unfaYDsSf8oAgB2CQUmU">Confirm my account</a></p>

  Rendering users/registrations/sign_up.json.jbuilder
  Rendered users/registrations/sign_up.json.jbuilder (0.8ms)
Completed 200 OK in 3536ms (Views: 6.5ms | ActiveRecord: 63.0ms)


Started GET "/users/confirmation?confirmation_token=unfaYDsSf8oAgB2CQUmU" for 127.0.0.1 at 2022-05-04 13:12:51 -0400
Processing by Users::ConfirmationsController#show as HTML
  Parameters: {"confirmation_token"=>"unfaYDsSf8oAgB2CQUmU"}
  [1m[36mUser Load (0.4ms)[0m  [1m[34mSELECT  "users".* FROM "users" WHERE "users"."confirmation_token" = $1 LIMIT $2[0m  [["confirmation_token", "unfaYDsSf8oAgB2CQUmU"], ["LIMIT", 11]]
  ↳ /home/tomas/.rvm/rubies/ruby-2.6.5/lib/ruby/gems/2.6.0/gems/did_you_mean-1.3.0/lib/did_you_mean/core_ext/name_error.rb:8
Completed 500 Internal Server Error in 13ms (ActiveRecord: 0.0ms)


  
  [1m[36mCACHE User Load (0.1ms)[0m  [1m[34mSELECT  "users".* FROM "users" WHERE "users"."confirmation_token" = $1 LIMIT $2[0m  [["confirmation_token", "unfaYDsSf8oAgB2CQUmU"], ["LIMIT", 11]]
  ↳ /home/tomas/.rvm/rubies/ruby-2.6.5/lib/ruby/gems/2.6.0/gems/did_you_mean-1.3.0/lib/did_you_mean/core_ext/name_error.rb:8
NoMethodError (undefined method `confirmed_at=' for #<User::ActiveRecord_Relation:0x00007fa4851c3b18>):
  
app/controllers/users/confirmations_controller.rb:18:in `show'
Started POST "/users" for ::1 at 2022-05-04 13:16:12 -0400
Processing by Users::RegistrationsController#create as */*
  Parameters: {"email"=>"dd@fopy.cl", "password"=>"[FILTERED]", "password_confirmation"=>"[FILTERED]", "registration"=>{"email"=>"dd@fopy.cl", "password"=>"[FILTERED]", "password_confirmation"=>"[FILTERED]"}}
  [1m[36mUser Load (0.5ms)[0m  [1m[34mSELECT  "users".* FROM "users" WHERE "users"."email" = $1 LIMIT $2[0m  [["email", "dd@fopy.cl"], ["LIMIT", 1]]
  ↳ app/controllers/users/registrations_controller.rb:18
  [1m[35m (0.2ms)[0m  [1m[35mBEGIN[0m
  ↳ app/controllers/users/registrations_controller.rb:26
  [1m[36mUser Exists (0.5ms)[0m  [1m[34mSELECT  1 AS one FROM "users" WHERE "users"."email" = $1 LIMIT $2[0m  [["email", "dd@fopy.cl"], ["LIMIT", 1]]
  ↳ app/controllers/users/registrations_controller.rb:26
  [1m[36mUser Create (0.4ms)[0m  [1m[32mINSERT INTO "users" ("email", "encrypted_password", "created_at", "updated_at", "confirmation_token", "confirmation_sent_at") VALUES ($1, $2, $3, $4, $5, $6) RETURNING "id"[0m  [["email", "dd@fopy.cl"], ["encrypted_password", "$2a$12$5fmN20P1XbmBTwNpyBwCFeTe0wiT7NHgWcaYBuh30Fr1yk93m9wJ2"], ["created_at", "2022-05-04 17:16:12.985022"], ["updated_at", "2022-05-04 17:16:12.985022"], ["confirmation_token", "sd-zfn8EzyLr-7sqPhRs"], ["confirmation_sent_at", "2022-05-04 17:16:12.985247"]]
  ↳ app/controllers/users/registrations_controller.rb:26
  [1m[35m (57.4ms)[0m  [1m[35mCOMMIT[0m
  ↳ app/controllers/users/registrations_controller.rb:26
  Rendering devise/mailer/confirmation_instructions.html.erb
  Rendered devise/mailer/confirmation_instructions.html.erb (1.1ms)
Devise::Mailer#confirmation_instructions: processed outbound mail in 9.6ms
Sent mail to dd@fopy.cl (2929.8ms)
Date: Wed, 04 May 2022 13:16:13 -0400
From: tomasalvarez13.01@gmail.com
Reply-To: tomasalvarez13.01@gmail.com
To: dd@fopy.cl
Message-ID: <6272b4ddf314_75462ae8f5069114442d@tomas-ThinkPad-T450.mail>
Subject: Confirmation instructions
Mime-Version: 1.0
Content-Type: text/html;
 charset=UTF-8
Content-Transfer-Encoding: 7bit

<p>Welcome dd@fopy.cl!</p>

<p>You can confirm your account email through the link below:</p>

<p><a href="http://3.88.206.145/users/confirmation?confirmation_token=sd-zfn8EzyLr-7sqPhRs">Confirm my account</a></p>

  Rendering users/registrations/sign_up.json.jbuilder
  Rendered users/registrations/sign_up.json.jbuilder (0.4ms)
Completed 200 OK in 3333ms (Views: 3.1ms | ActiveRecord: 62.6ms)


Started GET "/users/confirmation?confirmation_token=sd-zfn8EzyLr-7sqPhRs" for 127.0.0.1 at 2022-05-04 13:16:33 -0400
Processing by Users::ConfirmationsController#show as HTML
  Parameters: {"confirmation_token"=>"sd-zfn8EzyLr-7sqPhRs"}
  [1m[36mUser Load (0.3ms)[0m  [1m[34mSELECT  "users".* FROM "users" WHERE "users"."confirmation_token" = $1 LIMIT $2[0m  [["confirmation_token", "sd-zfn8EzyLr-7sqPhRs"], ["LIMIT", 11]]
  ↳ /home/tomas/.rvm/rubies/ruby-2.6.5/lib/ruby/gems/2.6.0/gems/did_you_mean-1.3.0/lib/did_you_mean/core_ext/name_error.rb:8
Completed 500 Internal Server Error in 4ms (ActiveRecord: 0.0ms)


  
  [1m[36mCACHE User Load (0.0ms)[0m  [1m[34mSELECT  "users".* FROM "users" WHERE "users"."confirmation_token" = $1 LIMIT $2[0m  [["confirmation_token", "sd-zfn8EzyLr-7sqPhRs"], ["LIMIT", 11]]
  ↳ /home/tomas/.rvm/rubies/ruby-2.6.5/lib/ruby/gems/2.6.0/gems/did_you_mean-1.3.0/lib/did_you_mean/core_ext/name_error.rb:8
NoMethodError (undefined method `[]=' for #<User::ActiveRecord_Relation:0x00007fa485377a68>
Did you mean?  []):
  
app/controllers/users/confirmations_controller.rb:18:in `show'
Started GET "/users/confirmation?confirmation_token=sd-zfn8EzyLr-7sqPhRs" for 127.0.0.1 at 2022-05-04 13:17:26 -0400
Processing by Users::ConfirmationsController#show as HTML
  Parameters: {"confirmation_token"=>"sd-zfn8EzyLr-7sqPhRs"}
  [1m[36mUser Load (0.5ms)[0m  [1m[34mSELECT  "users".* FROM "users" WHERE "users"."confirmation_token" = $1 LIMIT $2[0m  [["confirmation_token", "sd-zfn8EzyLr-7sqPhRs"], ["LIMIT", 11]]
  ↳ /home/tomas/.rvm/rubies/ruby-2.6.5/lib/ruby/gems/2.6.0/gems/did_you_mean-1.3.0/lib/did_you_mean/core_ext/name_error.rb:8
Completed 500 Internal Server Error in 29ms (ActiveRecord: 2.4ms)


  
  [1m[36mCACHE User Load (0.0ms)[0m  [1m[34mSELECT  "users".* FROM "users" WHERE "users"."confirmation_token" = $1 LIMIT $2[0m  [["confirmation_token", "sd-zfn8EzyLr-7sqPhRs"], ["LIMIT", 11]]
  ↳ /home/tomas/.rvm/rubies/ruby-2.6.5/lib/ruby/gems/2.6.0/gems/did_you_mean-1.3.0/lib/did_you_mean/core_ext/name_error.rb:8
NoMethodError (undefined method `confirmed_at=' for #<User::ActiveRecord_Relation:0x00007fa485b2c628>):
  
app/controllers/users/confirmations_controller.rb:18:in `show'
Started GET "/users/confirmation?confirmation_token=sd-zfn8EzyLr-7sqPhRs" for 127.0.0.1 at 2022-05-04 13:18:19 -0400
Processing by Users::ConfirmationsController#show as HTML
  Parameters: {"confirmation_token"=>"sd-zfn8EzyLr-7sqPhRs"}
  [1m[36mUser Load (0.9ms)[0m  [1m[34mSELECT  "users".* FROM "users" WHERE "users"."confirmation_token" = $1 LIMIT $2[0m  [["confirmation_token", "sd-zfn8EzyLr-7sqPhRs"], ["LIMIT", 11]]
  ↳ /home/tomas/.rvm/rubies/ruby-2.6.5/lib/ruby/gems/2.6.0/gems/did_you_mean-1.3.0/lib/did_you_mean/core_ext/name_error.rb:8
  [1m[36mCACHE User Load (0.0ms)[0m  [1m[34mSELECT  "users".* FROM "users" WHERE "users"."confirmation_token" = $1 LIMIT $2[0m  [["confirmation_token", "sd-zfn8EzyLr-7sqPhRs"], ["LIMIT", 11]]
  ↳ /home/tomas/.rvm/rubies/ruby-2.6.5/lib/ruby/gems/2.6.0/gems/did_you_mean-1.3.0/lib/did_you_mean/core_ext/name_error.rb:4
Completed 500 Internal Server Error in 216ms (ActiveRecord: 1.6ms)


  
  [1m[36mCACHE User Load (0.0ms)[0m  [1m[34mSELECT  "users".* FROM "users" WHERE "users"."confirmation_token" = $1 LIMIT $2[0m  [["confirmation_token", "sd-zfn8EzyLr-7sqPhRs"], ["LIMIT", 11]]
  ↳ /home/tomas/.rvm/rubies/ruby-2.6.5/lib/ruby/gems/2.6.0/gems/did_you_mean-1.3.0/lib/did_you_mean/core_ext/name_error.rb:8
NameError (undefined local variable or method `user' for #<Users::ConfirmationsController:0x00007fa484f1f510>
Did you mean?  @user):
  
app/controllers/users/confirmations_controller.rb:17:in `show'
Started GET "/users/confirmation?confirmation_token=sd-zfn8EzyLr-7sqPhRs" for 127.0.0.1 at 2022-05-04 13:18:28 -0400
Processing by Users::ConfirmationsController#show as HTML
  Parameters: {"confirmation_token"=>"sd-zfn8EzyLr-7sqPhRs"}
  [1m[36mUser Load (0.4ms)[0m  [1m[34mSELECT  "users".* FROM "users" WHERE "users"."confirmation_token" = $1 LIMIT $2[0m  [["confirmation_token", "sd-zfn8EzyLr-7sqPhRs"], ["LIMIT", 11]]
  ↳ /home/tomas/.rvm/rubies/ruby-2.6.5/lib/ruby/gems/2.6.0/gems/did_you_mean-1.3.0/lib/did_you_mean/core_ext/name_error.rb:8
Completed 500 Internal Server Error in 26ms (ActiveRecord: 1.6ms)


  
  [1m[36mCACHE User Load (0.0ms)[0m  [1m[34mSELECT  "users".* FROM "users" WHERE "users"."confirmation_token" = $1 LIMIT $2[0m  [["confirmation_token", "sd-zfn8EzyLr-7sqPhRs"], ["LIMIT", 11]]
  ↳ /home/tomas/.rvm/rubies/ruby-2.6.5/lib/ruby/gems/2.6.0/gems/did_you_mean-1.3.0/lib/did_you_mean/core_ext/name_error.rb:8
NoMethodError (undefined method `confirmed_at=' for #<User::ActiveRecord_Relation:0x00007fa484cc2538>):
  
app/controllers/users/confirmations_controller.rb:18:in `show'
Started GET "/users/confirmation?confirmation_token=sd-zfn8EzyLr-7sqPhRs" for 127.0.0.1 at 2022-05-04 13:19:02 -0400
Processing by Users::ConfirmationsController#show as HTML
  Parameters: {"confirmation_token"=>"sd-zfn8EzyLr-7sqPhRs"}
  [1m[36mUser Load (0.4ms)[0m  [1m[34mSELECT  "users".* FROM "users" WHERE "users"."confirmation_token" = $1 ORDER BY "users"."id" ASC LIMIT $2[0m  [["confirmation_token", "sd-zfn8EzyLr-7sqPhRs"], ["LIMIT", 1]]
  ↳ app/controllers/users/confirmations_controller.rb:16
  [1m[35m (0.1ms)[0m  [1m[35mBEGIN[0m
  ↳ app/controllers/users/confirmations_controller.rb:19
  [1m[36mUser Update (0.5ms)[0m  [1m[33mUPDATE "users" SET "confirmed_at" = $1, "updated_at" = $2 WHERE "users"."id" = $3[0m  [["confirmed_at", "2022-05-04 00:00:00"], ["updated_at", "2022-05-04 17:19:02.787945"], ["id", 19]]
  ↳ app/controllers/users/confirmations_controller.rb:19
  [1m[35m (56.7ms)[0m  [1m[35mCOMMIT[0m
  ↳ app/controllers/users/confirmations_controller.rb:19
Completed 406 Not Acceptable in 145ms (ActiveRecord: 61.7ms)


  
ActionController::UnknownFormat (Users::ConfirmationsController#show is missing a template for this request format and variant.

request.formats: ["text/html"]
request.variant: []

NOTE! For XHR/Ajax or API requests, this action would normally respond with 204 No Content: an empty white screen. Since you're loading it in a web browser, we assume that you expected to actually render a template, not nothing, so we're showing an error to be extra-clear. If you expect 204 No Content, carry on. That's what you'll get from an XHR or API request. Give it a shot.):
  
actionpack (5.2.7) lib/action_controller/metal/implicit_render.rb:55:in `default_render'
actionpack (5.2.7) lib/action_controller/metal/basic_implicit_render.rb:6:in `block in send_action'
actionpack (5.2.7) lib/action_controller/metal/basic_implicit_render.rb:6:in `tap'
actionpack (5.2.7) lib/action_controller/metal/basic_implicit_render.rb:6:in `send_action'
actionpack (5.2.7) lib/abstract_controller/base.rb:194:in `process_action'
actionpack (5.2.7) lib/action_controller/metal/rendering.rb:30:in `process_action'
actionpack (5.2.7) lib/abstract_controller/callbacks.rb:42:in `block in process_action'
activesupport (5.2.7) lib/active_support/callbacks.rb:132:in `run_callbacks'
actionpack (5.2.7) lib/abstract_controller/callbacks.rb:41:in `process_action'
actionpack (5.2.7) lib/action_controller/metal/rescue.rb:22:in `process_action'
actionpack (5.2.7) lib/action_controller/metal/instrumentation.rb:34:in `block in process_action'
activesupport (5.2.7) lib/active_support/notifications.rb:168:in `block in instrument'
activesupport (5.2.7) lib/active_support/notifications/instrumenter.rb:23:in `instrument'
activesupport (5.2.7) lib/active_support/notifications.rb:168:in `instrument'
actionpack (5.2.7) lib/action_controller/metal/instrumentation.rb:32:in `process_action'
actionpack (5.2.7) lib/action_controller/metal/params_wrapper.rb:256:in `process_action'
activerecord (5.2.7) lib/active_record/railties/controller_runtime.rb:24:in `process_action'
actionpack (5.2.7) lib/abstract_controller/base.rb:134:in `process'
actionview (5.2.7) lib/action_view/rendering.rb:32:in `process'
actionpack (5.2.7) lib/action_controller/metal.rb:191:in `dispatch'
actionpack (5.2.7) lib/action_controller/metal.rb:252:in `dispatch'
actionpack (5.2.7) lib/action_dispatch/routing/route_set.rb:52:in `dispatch'
actionpack (5.2.7) lib/action_dispatch/routing/route_set.rb:34:in `serve'
actionpack (5.2.7) lib/action_dispatch/routing/mapper.rb:18:in `block in <class:Constraints>'
actionpack (5.2.7) lib/action_dispatch/routing/mapper.rb:48:in `serve'
actionpack (5.2.7) lib/action_dispatch/journey/router.rb:52:in `block in serve'
actionpack (5.2.7) lib/action_dispatch/journey/router.rb:35:in `each'
actionpack (5.2.7) lib/action_dispatch/journey/router.rb:35:in `serve'
actionpack (5.2.7) lib/action_dispatch/routing/route_set.rb:840:in `call'
warden (1.2.9) lib/warden/manager.rb:36:in `block in call'
warden (1.2.9) lib/warden/manager.rb:34:in `catch'
warden (1.2.9) lib/warden/manager.rb:34:in `call'
rack (2.2.3) lib/rack/tempfile_reaper.rb:15:in `call'
rack (2.2.3) lib/rack/etag.rb:27:in `call'
rack (2.2.3) lib/rack/conditional_get.rb:27:in `call'
rack (2.2.3) lib/rack/head.rb:12:in `call'
actionpack (5.2.7) lib/action_dispatch/http/content_security_policy.rb:18:in `call'
rack (2.2.3) lib/rack/session/abstract/id.rb:266:in `context'
rack (2.2.3) lib/rack/session/abstract/id.rb:260:in `call'
actionpack (5.2.7) lib/action_dispatch/middleware/cookies.rb:670:in `call'
activerecord (5.2.7) lib/active_record/migration.rb:559:in `call'
actionpack (5.2.7) lib/action_dispatch/middleware/callbacks.rb:28:in `block in call'
activesupport (5.2.7) lib/active_support/callbacks.rb:98:in `run_callbacks'
actionpack (5.2.7) lib/action_dispatch/middleware/callbacks.rb:26:in `call'
actionpack (5.2.7) lib/action_dispatch/middleware/executor.rb:14:in `call'
actionpack (5.2.7) lib/action_dispatch/middleware/debug_exceptions.rb:61:in `call'
web-console (3.7.0) lib/web_console/middleware.rb:135:in `call_app'
web-console (3.7.0) lib/web_console/middleware.rb:30:in `block in call'
web-console (3.7.0) lib/web_console/middleware.rb:20:in `catch'
web-console (3.7.0) lib/web_console/middleware.rb:20:in `call'
actionpack (5.2.7) lib/action_dispatch/middleware/show_exceptions.rb:33:in `call'
railties (5.2.7) lib/rails/rack/logger.rb:38:in `call_app'
railties (5.2.7) lib/rails/rack/logger.rb:26:in `block in call'
activesupport (5.2.7) lib/active_support/tagged_logging.rb:71:in `block in tagged'
activesupport (5.2.7) lib/active_support/tagged_logging.rb:28:in `tagged'
activesupport (5.2.7) lib/active_support/tagged_logging.rb:71:in `tagged'
railties (5.2.7) lib/rails/rack/logger.rb:26:in `call'
sprockets-rails (3.4.2) lib/sprockets/rails/quiet_assets.rb:13:in `call'
actionpack (5.2.7) lib/action_dispatch/middleware/remote_ip.rb:81:in `call'
actionpack (5.2.7) lib/action_dispatch/middleware/request_id.rb:27:in `call'
rack (2.2.3) lib/rack/method_override.rb:24:in `call'
rack (2.2.3) lib/rack/runtime.rb:22:in `call'
activesupport (5.2.7) lib/active_support/cache/strategy/local_cache_middleware.rb:29:in `call'
actionpack (5.2.7) lib/action_dispatch/middleware/executor.rb:14:in `call'
actionpack (5.2.7) lib/action_dispatch/middleware/static.rb:127:in `call'
rack (2.2.3) lib/rack/sendfile.rb:110:in `call'
railties (5.2.7) lib/rails/engine.rb:524:in `call'
puma (3.12.6) lib/puma/configuration.rb:227:in `call'
puma (3.12.6) lib/puma/server.rb:706:in `handle_request'
puma (3.12.6) lib/puma/server.rb:476:in `process_client'
puma (3.12.6) lib/puma/server.rb:334:in `block in run'
puma (3.12.6) lib/puma/thread_pool.rb:135:in `block in spawn_thread'
Started GET "/users/confirmation?confirmation_token=sd-zfn8EzyLr-7sqPhRs" for 127.0.0.1 at 2022-05-04 13:20:23 -0400
Processing by Users::ConfirmationsController#show as HTML
  Parameters: {"confirmation_token"=>"sd-zfn8EzyLr-7sqPhRs"}
  [1m[36mUser Load (0.3ms)[0m  [1m[34mSELECT  "users".* FROM "users" WHERE "users"."confirmation_token" = $1 ORDER BY "users"."id" ASC LIMIT $2[0m  [["confirmation_token", "sd-zfn8EzyLr-7sqPhRs"], ["LIMIT", 1]]
  ↳ app/controllers/users/confirmations_controller.rb:16
  [1m[35m (0.2ms)[0m  [1m[35mBEGIN[0m
  ↳ app/controllers/users/confirmations_controller.rb:19
  [1m[35m (0.3ms)[0m  [1m[35mCOMMIT[0m
  ↳ app/controllers/users/confirmations_controller.rb:19
  Rendering users/confirmations/confirmation.json.jbuilder
  Rendered users/confirmations/confirmation.json.jbuilder (0.4ms)
Completed 200 OK in 36ms (Views: 4.4ms | ActiveRecord: 4.9ms)


Started GET "/users/confirmation?confirmation_token=sd-zfn8EzyLr-7sqPhRs" for 127.0.0.1 at 2022-05-04 13:20:25 -0400
Processing by Users::ConfirmationsController#show as HTML
  Parameters: {"confirmation_token"=>"sd-zfn8EzyLr-7sqPhRs"}
  [1m[36mUser Load (0.6ms)[0m  [1m[34mSELECT  "users".* FROM "users" WHERE "users"."confirmation_token" = $1 ORDER BY "users"."id" ASC LIMIT $2[0m  [["confirmation_token", "sd-zfn8EzyLr-7sqPhRs"], ["LIMIT", 1]]
  ↳ app/controllers/users/confirmations_controller.rb:16
  [1m[35m (0.2ms)[0m  [1m[35mBEGIN[0m
  ↳ app/controllers/users/confirmations_controller.rb:19
  [1m[35m (0.2ms)[0m  [1m[35mCOMMIT[0m
  ↳ app/controllers/users/confirmations_controller.rb:19
  Rendering users/confirmations/confirmation.json.jbuilder
  Rendered users/confirmations/confirmation.json.jbuilder (0.5ms)
Completed 200 OK in 11ms (Views: 5.3ms | ActiveRecord: 1.0ms)


Started GET "/users/confirmation?confirmation_token=sd-zfn8EzyLr-7sqPhRs" for 127.0.0.1 at 2022-05-04 13:20:27 -0400
Processing by Users::ConfirmationsController#show as HTML
  Parameters: {"confirmation_token"=>"sd-zfn8EzyLr-7sqPhRs"}
  [1m[36mUser Load (0.3ms)[0m  [1m[34mSELECT  "users".* FROM "users" WHERE "users"."confirmation_token" = $1 ORDER BY "users"."id" ASC LIMIT $2[0m  [["confirmation_token", "sd-zfn8EzyLr-7sqPhRs"], ["LIMIT", 1]]
  ↳ app/controllers/users/confirmations_controller.rb:16
  [1m[35m (0.2ms)[0m  [1m[35mBEGIN[0m
  ↳ app/controllers/users/confirmations_controller.rb:19
  [1m[35m (0.3ms)[0m  [1m[35mCOMMIT[0m
  ↳ app/controllers/users/confirmations_controller.rb:19
  Rendering users/confirmations/confirmation.json.jbuilder
  Rendered users/confirmations/confirmation.json.jbuilder (0.4ms)
Completed 200 OK in 9ms (Views: 3.5ms | ActiveRecord: 0.8ms)


Started POST "/users/sign_in" for ::1 at 2022-05-04 13:20:42 -0400
Processing by Users::SessionsController#create as */*
  Parameters: {"email"=>"dd@forpy.cl", "password"=>"[FILTERED]", "session"=>{"email"=>"dd@forpy.cl", "password"=>"[FILTERED]"}}
  [1m[36mUser Load (0.3ms)[0m  [1m[34mSELECT  "users".* FROM "users" WHERE "users"."email" = $1 LIMIT $2[0m  [["email", "dd@forpy.cl"], ["LIMIT", 1]]
  ↳ app/controllers/users/sessions_controller.rb:30
  Rendering users/sessions/sign_in.json.jbuilder
  Rendered users/sessions/sign_in.json.jbuilder (0.5ms)
Completed 200 OK in 7ms (Views: 4.6ms | ActiveRecord: 0.3ms)


Started POST "/users/sign_in" for ::1 at 2022-05-04 13:21:44 -0400
Processing by Users::SessionsController#create as */*
  Parameters: {"email"=>"dd@fopy.cl", "password"=>"[FILTERED]", "session"=>{"email"=>"dd@fopy.cl", "password"=>"[FILTERED]"}}
  [1m[36mUser Load (0.3ms)[0m  [1m[34mSELECT  "users".* FROM "users" WHERE "users"."email" = $1 LIMIT $2[0m  [["email", "dd@fopy.cl"], ["LIMIT", 1]]
  ↳ app/controllers/users/sessions_controller.rb:30
  Rendering users/sessions/sign_in.json.jbuilder
  Rendered users/sessions/sign_in.json.jbuilder (0.4ms)
Completed 200 OK in 307ms (Views: 3.3ms | ActiveRecord: 0.3ms)


Started POST "/users" for ::1 at 2022-05-04 13:21:51 -0400
Processing by Users::RegistrationsController#create as */*
  Parameters: {"email"=>"ddf@fopy.cl", "password"=>"[FILTERED]", "password_confirmation"=>"[FILTERED]", "registration"=>{"email"=>"ddf@fopy.cl", "password"=>"[FILTERED]", "password_confirmation"=>"[FILTERED]"}}
  [1m[36mUser Load (0.3ms)[0m  [1m[34mSELECT  "users".* FROM "users" WHERE "users"."email" = $1 LIMIT $2[0m  [["email", "ddf@fopy.cl"], ["LIMIT", 1]]
  ↳ app/controllers/users/registrations_controller.rb:18
  [1m[35m (0.2ms)[0m  [1m[35mBEGIN[0m
  ↳ app/controllers/users/registrations_controller.rb:26
  [1m[36mUser Exists (0.3ms)[0m  [1m[34mSELECT  1 AS one FROM "users" WHERE "users"."email" = $1 LIMIT $2[0m  [["email", "ddf@fopy.cl"], ["LIMIT", 1]]
  ↳ app/controllers/users/registrations_controller.rb:26
  [1m[36mUser Create (0.3ms)[0m  [1m[32mINSERT INTO "users" ("email", "encrypted_password", "created_at", "updated_at", "confirmation_token", "confirmation_sent_at") VALUES ($1, $2, $3, $4, $5, $6) RETURNING "id"[0m  [["email", "ddf@fopy.cl"], ["encrypted_password", "$2a$12$d5Gkw2IT5HRH3UIaTOdDWOtw.ijjNDp92A8Wr3g9OJ8qiNIWW5F0C"], ["created_at", "2022-05-04 17:21:52.231853"], ["updated_at", "2022-05-04 17:21:52.231853"], ["confirmation_token", "YzskZrzPZ--yE8zHmUnx"], ["confirmation_sent_at", "2022-05-04 17:21:52.231978"]]
  ↳ app/controllers/users/registrations_controller.rb:26
  [1m[35m (20.0ms)[0m  [1m[35mCOMMIT[0m
  ↳ app/controllers/users/registrations_controller.rb:26
  Rendering devise/mailer/confirmation_instructions.html.erb
  Rendered devise/mailer/confirmation_instructions.html.erb (0.7ms)
Devise::Mailer#confirmation_instructions: processed outbound mail in 10.0ms
Sent mail to ddf@fopy.cl (3124.5ms)
Date: Wed, 04 May 2022 13:21:52 -0400
From: tomasalvarez13.01@gmail.com
Reply-To: tomasalvarez13.01@gmail.com
To: ddf@fopy.cl
Message-ID: <6272b63041ad7_75462ae8f50691a04434e@tomas-ThinkPad-T450.mail>
Subject: Confirmation instructions
Mime-Version: 1.0
Content-Type: text/html;
 charset=UTF-8
Content-Transfer-Encoding: 7bit

<p>Welcome ddf@fopy.cl!</p>

<p>You can confirm your account email through the link below:</p>

<p><a href="http://3.88.206.145/users/confirmation?confirmation_token=YzskZrzPZ--yE8zHmUnx">Confirm my account</a></p>

  Rendering users/registrations/sign_up.json.jbuilder
  Rendered users/registrations/sign_up.json.jbuilder (0.4ms)
Completed 200 OK in 3479ms (Views: 5.4ms | ActiveRecord: 21.1ms)


Started POST "/users/sign_in" for ::1 at 2022-05-04 13:22:01 -0400
Processing by Users::SessionsController#create as */*
  Parameters: {"email"=>"ddf@fopy.cl", "password"=>"[FILTERED]", "session"=>{"email"=>"ddf@fopy.cl", "password"=>"[FILTERED]"}}
  [1m[36mUser Load (0.3ms)[0m  [1m[34mSELECT  "users".* FROM "users" WHERE "users"."id" = $1 ORDER BY "users"."id" ASC LIMIT $2[0m  [["id", 19], ["LIMIT", 1]]
  ↳ app/controllers/users/sessions_controller.rb:25
  Rendering users/sessions/sign_in.json.jbuilder
  Rendered users/sessions/sign_in.json.jbuilder (0.3ms)
Completed 200 OK in 5ms (Views: 2.6ms | ActiveRecord: 0.3ms)


Started DELETE "/users/sign_out" for ::1 at 2022-05-04 13:22:05 -0400
Processing by Users::SessionsController#destroy as */*
  [1m[36mUser Load (1.0ms)[0m  [1m[34mSELECT  "users".* FROM "users" WHERE "users"."id" = $1 ORDER BY "users"."id" ASC LIMIT $2[0m  [["id", 19], ["LIMIT", 1]]
  ↳ app/controllers/users/sessions_controller.rb:109
  [1m[35m (0.2ms)[0m  [1m[35mBEGIN[0m
  ↳ app/controllers/users/sessions_controller.rb:57
  [1m[35m (0.9ms)[0m  [1m[35mCOMMIT[0m
  ↳ app/controllers/users/sessions_controller.rb:57
  Rendering users/sessions/sign_in.json.jbuilder
  Rendered users/sessions/sign_in.json.jbuilder (0.6ms)
Completed 200 OK in 40ms (Views: 13.1ms | ActiveRecord: 2.0ms)


Started POST "/users/sign_in" for ::1 at 2022-05-04 13:22:08 -0400
Processing by Users::SessionsController#create as */*
  Parameters: {"email"=>"ddf@fopy.cl", "password"=>"[FILTERED]", "session"=>{"email"=>"ddf@fopy.cl", "password"=>"[FILTERED]"}}
  [1m[36mUser Load (0.3ms)[0m  [1m[34mSELECT  "users".* FROM "users" WHERE "users"."email" = $1 LIMIT $2[0m  [["email", "ddf@fopy.cl"], ["LIMIT", 1]]
  ↳ app/controllers/users/sessions_controller.rb:30
  Rendering users/sessions/sign_in.json.jbuilder
  Rendered users/sessions/sign_in.json.jbuilder (0.5ms)
Completed 200 OK in 7ms (Views: 4.4ms | ActiveRecord: 0.3ms)


